{"/Users/sungyukan/Desktop/kan/work/git-study/src/app/page.tsx": {"path":"/Users/sungyukan/Desktop/kan/work/git-study/src/app/page.tsx","statementMap":{"0":{"start":{"line":2,"column":2},"end":{"line":20,"column":null}}},"fnMap":{"0":{"name":"Home","decl":{"start":{"line":1,"column":24},"end":{"line":1,"column":31}},"loc":{"start":{"line":1,"column":31},"end":{"line":22,"column":null}},"line":1}},"branchMap":{},"s":{"0":4},"f":{"0":4},"b":{},"meta":{"lastBranch":0,"lastFunction":1,"lastStatement":1,"seen":{"f:1:24:1:31":0,"s:2:2:20:Infinity":0}}}
}
